<?xml version="1.0" encoding="UTF-8"?>
<testng-results ignored="0" total="1" passed="1" failed="0" skipped="0">
  <reporter-output>
  </reporter-output>
  <suite started-at="2022-11-17T17:50:10 IST" name="Suite" finished-at="2022-11-17T17:50:53 IST" duration-ms="42588">
    <groups>
    </groups>
    <test started-at="2022-11-17T17:50:10 IST" name="Test" finished-at="2022-11-17T17:50:53 IST" duration-ms="42588">
      <class name="Test.SigninTest">
        <test-method is-config="true" signature="getlaunch()[pri:0, instance:Test.SigninTest@76494737]" started-at="2022-11-17T17:50:10 IST" name="getlaunch" finished-at="2022-11-17T17:50:22 IST" duration-ms="11753" status="PASS">
          <reporter-output>
          </reporter-output>
        </test-method> <!-- getlaunch -->
        <test-method signature="getSignme()[pri:0, instance:Test.SigninTest@76494737]" started-at="2022-11-17T17:50:22 IST" name="getSignme" finished-at="2022-11-17T17:50:53 IST" duration-ms="30762" status="PASS">
          <reporter-output>
          </reporter-output>
        </test-method> <!-- getSignme -->
      </class> <!-- Test.SigninTest -->
    </test> <!-- Test -->
  </suite> <!-- Suite -->
</testng-results>
