<?xml version="1.0" encoding="UTF-8"?>
<testng-results ignored="0" total="1" passed="1" failed="0" skipped="0">
  <reporter-output>
  </reporter-output>
  <suite started-at="2022-11-15T17:33:59 IST" name="Suite" finished-at="2022-11-15T17:34:24 IST" duration-ms="24987">
    <groups>
    </groups>
    <test started-at="2022-11-15T17:33:59 IST" name="Test" finished-at="2022-11-15T17:34:24 IST" duration-ms="24987">
      <class name="Test.SigninTest">
        <test-method is-config="true" signature="getlaunch()[pri:0, instance:Test.SigninTest@71def8f8]" started-at="2022-11-15T17:33:59 IST" name="getlaunch" finished-at="2022-11-15T17:34:02 IST" duration-ms="2426" status="PASS">
          <reporter-output>
          </reporter-output>
        </test-method> <!-- getlaunch -->
        <test-method signature="getSignme()[pri:0, instance:Test.SigninTest@71def8f8]" started-at="2022-11-15T17:34:02 IST" name="getSignme" finished-at="2022-11-15T17:34:24 IST" duration-ms="22509" status="PASS">
          <reporter-output>
          </reporter-output>
        </test-method> <!-- getSignme -->
      </class> <!-- Test.SigninTest -->
    </test> <!-- Test -->
  </suite> <!-- Suite -->
</testng-results>
